<?xml version="1.0" encoding="UTF-8"?>
<!-- Generated by org.testng.reporters.JUnitXMLReporter -->
<testsuite ignored="2" hostname="192.168.1.6" failures="0" tests="1" name="Test" time="20.609" errors="0" timestamp="2023-01-03T12:41:58 EET">
  <testcase classname="Tests.testing" name="test1" time="16.79"/>
  <testcase classname="Tests.testing" name="test3" time="0.0">
    <ignored/>
  </testcase> <!-- test3 -->
  <testcase classname="Tests.testing" name="test2" time="0.0">
    <ignored/>
  </testcase> <!-- test2 -->
</testsuite> <!-- Test -->
